2022-05-22 09:05:15.500  INFO 10124 --- [main] c.e.s.a.AppointmentSchedulerApplication  : Starting AppointmentSchedulerApplication on DESKTOP-T1HE119 with PID 10124 (C:\Users\karim\eclipse-workspace\AppointmentScheduler\target\classes started by karim in C:\Users\karim\eclipse-workspace\AppointmentScheduler)
2022-05-22 09:05:15.510  INFO 10124 --- [main] c.e.s.a.AppointmentSchedulerApplication  : No active profile set, falling back to default profiles: default
2022-05-22 09:05:17.345  INFO 10124 --- [main] .s.d.r.c.RepositoryConfigurationDelegate : Bootstrapping Spring Data JPA repositories in DEFAULT mode.
2022-05-22 09:05:17.567  INFO 10124 --- [main] .s.d.r.c.RepositoryConfigurationDelegate : Finished Spring Data repository scanning in 207ms. Found 13 JPA repository interfaces.
2022-05-22 09:05:18.321  INFO 10124 --- [main] trationDelegate$BeanPostProcessorChecker : Bean 'org.springframework.security.config.annotation.configuration.ObjectPostProcessorConfiguration' of type [org.springframework.security.config.annotation.configuration.ObjectPostProcessorConfiguration] is not eligible for getting processed by all BeanPostProcessors (for example: not eligible for auto-proxying)
2022-05-22 09:05:18.326  INFO 10124 --- [main] trationDelegate$BeanPostProcessorChecker : Bean 'objectPostProcessor' of type [org.springframework.security.config.annotation.configuration.AutowireBeanFactoryObjectPostProcessor] is not eligible for getting processed by all BeanPostProcessors (for example: not eligible for auto-proxying)
2022-05-22 09:05:18.331  INFO 10124 --- [main] trationDelegate$BeanPostProcessorChecker : Bean 'org.springframework.security.access.expression.method.DefaultMethodSecurityExpressionHandler@1668919e' of type [org.springframework.security.access.expression.method.DefaultMethodSecurityExpressionHandler] is not eligible for getting processed by all BeanPostProcessors (for example: not eligible for auto-proxying)
2022-05-22 09:05:18.334  INFO 10124 --- [main] trationDelegate$BeanPostProcessorChecker : Bean 'org.springframework.security.config.annotation.method.configuration.GlobalMethodSecurityConfiguration' of type [org.springframework.security.config.annotation.method.configuration.GlobalMethodSecurityConfiguration] is not eligible for getting processed by all BeanPostProcessors (for example: not eligible for auto-proxying)
2022-05-22 09:05:18.341  INFO 10124 --- [main] trationDelegate$BeanPostProcessorChecker : Bean 'methodSecurityMetadataSource' of type [org.springframework.security.access.method.DelegatingMethodSecurityMetadataSource] is not eligible for getting processed by all BeanPostProcessors (for example: not eligible for auto-proxying)
2022-05-22 09:05:18.711  INFO 10124 --- [main] o.s.b.w.embedded.tomcat.TomcatWebServer  : Tomcat initialized with port(s): 8080 (http)
2022-05-22 09:05:18.729  INFO 10124 --- [main] o.apache.catalina.core.StandardService   : Starting service [Tomcat]
2022-05-22 09:05:18.729  INFO 10124 --- [main] org.apache.catalina.core.StandardEngine  : Starting Servlet engine: [Apache Tomcat/9.0.31]
2022-05-22 09:05:18.927  INFO 10124 --- [main] o.a.c.c.C.[Tomcat].[localhost].[/]       : Initializing Spring embedded WebApplicationContext
2022-05-22 09:05:18.927  INFO 10124 --- [main] o.s.web.context.ContextLoader            : Root WebApplicationContext: initialization completed in 3335 ms
2022-05-22 09:05:19.623  INFO 10124 --- [main] o.hibernate.jpa.internal.util.LogHelper  : HHH000204: Processing PersistenceUnitInfo [name: default]
2022-05-22 09:05:19.900  INFO 10124 --- [main] org.hibernate.Version                    : HHH000412: Hibernate ORM core version 5.4.12.Final
2022-05-22 09:05:20.495  INFO 10124 --- [main] o.hibernate.annotations.common.Version   : HCANN000001: Hibernate Commons Annotations {5.1.0.Final}
2022-05-22 09:05:20.776  INFO 10124 --- [main] com.zaxxer.hikari.HikariDataSource       : HikariPool-1 - Starting...
2022-05-22 09:05:26.018 ERROR 10124 --- [main] com.zaxxer.hikari.pool.HikariPool        : HikariPool-1 - Exception during pool initialization.

com.mysql.cj.jdbc.exceptions.CommunicationsException: Communications link failure

The last packet sent successfully to the server was 0 milliseconds ago. The driver has not received any packets from the server.
	at com.mysql.cj.jdbc.exceptions.SQLError.createCommunicationsException(SQLError.java:174) ~[mysql-connector-java-8.0.19.jar:8.0.19]
	at com.mysql.cj.jdbc.exceptions.SQLExceptionsMapping.translateException(SQLExceptionsMapping.java:64) ~[mysql-connector-java-8.0.19.jar:8.0.19]
	at com.mysql.cj.jdbc.ConnectionImpl.createNewIO(ConnectionImpl.java:836) ~[mysql-connector-java-8.0.19.jar:8.0.19]
	at com.mysql.cj.jdbc.ConnectionImpl.<init>(ConnectionImpl.java:456) ~[mysql-connector-java-8.0.19.jar:8.0.19]
	at com.mysql.cj.jdbc.ConnectionImpl.getInstance(ConnectionImpl.java:246) ~[mysql-connector-java-8.0.19.jar:8.0.19]
	at com.mysql.cj.jdbc.NonRegisteringDriver.connect(NonRegisteringDriver.java:197) ~[mysql-connector-java-8.0.19.jar:8.0.19]
	at com.zaxxer.hikari.util.DriverDataSource.getConnection(DriverDataSource.java:138) ~[HikariCP-3.4.2.jar:na]
	at com.zaxxer.hikari.pool.PoolBase.newConnection(PoolBase.java:354) ~[HikariCP-3.4.2.jar:na]
	at com.zaxxer.hikari.pool.PoolBase.newPoolEntry(PoolBase.java:202) ~[HikariCP-3.4.2.jar:na]
	at com.zaxxer.hikari.pool.HikariPool.createPoolEntry(HikariPool.java:473) ~[HikariCP-3.4.2.jar:na]
	at com.zaxxer.hikari.pool.HikariPool.checkFailFast(HikariPool.java:554) ~[HikariCP-3.4.2.jar:na]
	at com.zaxxer.hikari.pool.HikariPool.<init>(HikariPool.java:115) ~[HikariCP-3.4.2.jar:na]
	at com.zaxxer.hikari.HikariDataSource.getConnection(HikariDataSource.java:112) ~[HikariCP-3.4.2.jar:na]
	at org.hibernate.engine.jdbc.connections.internal.DatasourceConnectionProviderImpl.getConnection(DatasourceConnectionProviderImpl.java:122) ~[hibernate-core-5.4.12.Final.jar:5.4.12.Final]
	at org.hibernate.engine.jdbc.env.internal.JdbcEnvironmentInitiator$ConnectionProviderJdbcConnectionAccess.obtainConnection(JdbcEnvironmentInitiator.java:180) ~[hibernate-core-5.4.12.Final.jar:5.4.12.Final]
	at org.hibernate.engine.jdbc.env.internal.JdbcEnvironmentInitiator.initiateService(JdbcEnvironmentInitiator.java:68) ~[hibernate-core-5.4.12.Final.jar:5.4.12.Final]
	at org.hibernate.engine.jdbc.env.internal.JdbcEnvironmentInitiator.initiateService(JdbcEnvironmentInitiator.java:35) ~[hibernate-core-5.4.12.Final.jar:5.4.12.Final]
	at org.hibernate.boot.registry.internal.StandardServiceRegistryImpl.initiateService(StandardServiceRegistryImpl.java:101) ~[hibernate-core-5.4.12.Final.jar:5.4.12.Final]
	at org.hibernate.service.internal.AbstractServiceRegistryImpl.createService(AbstractServiceRegistryImpl.java:263) ~[hibernate-core-5.4.12.Final.jar:5.4.12.Final]
	at org.hibernate.service.internal.AbstractServiceRegistryImpl.initializeService(AbstractServiceRegistryImpl.java:237) ~[hibernate-core-5.4.12.Final.jar:5.4.12.Final]
	at org.hibernate.service.internal.AbstractServiceRegistryImpl.getService(AbstractServiceRegistryImpl.java:214) ~[hibernate-core-5.4.12.Final.jar:5.4.12.Final]
	at org.hibernate.id.factory.internal.DefaultIdentifierGeneratorFactory.injectServices(DefaultIdentifierGeneratorFactory.java:152) ~[hibernate-core-5.4.12.Final.jar:5.4.12.Final]
	at org.hibernate.service.internal.AbstractServiceRegistryImpl.injectDependencies(AbstractServiceRegistryImpl.java:286) ~[hibernate-core-5.4.12.Final.jar:5.4.12.Final]
	at org.hibernate.service.internal.AbstractServiceRegistryImpl.initializeService(AbstractServiceRegistryImpl.java:243) ~[hibernate-core-5.4.12.Final.jar:5.4.12.Final]
	at org.hibernate.service.internal.AbstractServiceRegistryImpl.getService(AbstractServiceRegistryImpl.java:214) ~[hibernate-core-5.4.12.Final.jar:5.4.12.Final]
	at org.hibernate.boot.internal.InFlightMetadataCollectorImpl.<init>(InFlightMetadataCollectorImpl.java:176) ~[hibernate-core-5.4.12.Final.jar:5.4.12.Final]
	at org.hibernate.boot.model.process.spi.MetadataBuildingProcess.complete(MetadataBuildingProcess.java:118) ~[hibernate-core-5.4.12.Final.jar:5.4.12.Final]
	at org.hibernate.jpa.boot.internal.EntityManagerFactoryBuilderImpl.metadata(EntityManagerFactoryBuilderImpl.java:1202) ~[hibernate-core-5.4.12.Final.jar:5.4.12.Final]
	at org.hibernate.jpa.boot.internal.EntityManagerFactoryBuilderImpl.build(EntityManagerFactoryBuilderImpl.java:1233) ~[hibernate-core-5.4.12.Final.jar:5.4.12.Final]
	at org.springframework.orm.jpa.vendor.SpringHibernateJpaPersistenceProvider.createContainerEntityManagerFactory(SpringHibernateJpaPersistenceProvider.java:58) ~[spring-orm-5.2.4.RELEASE.jar:5.2.4.RELEASE]
	at org.springframework.orm.jpa.LocalContainerEntityManagerFactoryBean.createNativeEntityManagerFactory(LocalContainerEntityManagerFactoryBean.java:365) ~[spring-orm-5.2.4.RELEASE.jar:5.2.4.RELEASE]
	at org.springframework.orm.jpa.AbstractEntityManagerFactoryBean.buildNativeEntityManagerFactory(AbstractEntityManagerFactoryBean.java:391) ~[spring-orm-5.2.4.RELEASE.jar:5.2.4.RELEASE]
	at org.springframework.orm.jpa.AbstractEntityManagerFactoryBean.afterPropertiesSet(AbstractEntityManagerFactoryBean.java:378) ~[spring-orm-5.2.4.RELEASE.jar:5.2.4.RELEASE]
	at org.springframework.orm.jpa.LocalContainerEntityManagerFactoryBean.afterPropertiesSet(LocalContainerEntityManagerFactoryBean.java:341) ~[spring-orm-5.2.4.RELEASE.jar:5.2.4.RELEASE]
	at org.springframework.beans.factory.support.AbstractAutowireCapableBeanFactory.invokeInitMethods(AbstractAutowireCapableBeanFactory.java:1855) ~[spring-beans-5.2.4.RELEASE.jar:5.2.4.RELEASE]
	at org.springframework.beans.factory.support.AbstractAutowireCapableBeanFactory.initializeBean(AbstractAutowireCapableBeanFactory.java:1792) ~[spring-beans-5.2.4.RELEASE.jar:5.2.4.RELEASE]
	at org.springframework.beans.factory.support.AbstractAutowireCapableBeanFactory.doCreateBean(AbstractAutowireCapableBeanFactory.java:595) ~[spring-beans-5.2.4.RELEASE.jar:5.2.4.RELEASE]
	at org.springframework.beans.factory.support.AbstractAutowireCapableBeanFactory.createBean(AbstractAutowireCapableBeanFactory.java:517) ~[spring-beans-5.2.4.RELEASE.jar:5.2.4.RELEASE]
	at org.springframework.beans.factory.support.AbstractBeanFactory.lambda$doGetBean$0(AbstractBeanFactory.java:323) ~[spring-beans-5.2.4.RELEASE.jar:5.2.4.RELEASE]
	at org.springframework.beans.factory.support.DefaultSingletonBeanRegistry.getSingleton(DefaultSingletonBeanRegistry.java:222) ~[spring-beans-5.2.4.RELEASE.jar:5.2.4.RELEASE]
	at org.springframework.beans.factory.support.AbstractBeanFactory.doGetBean(AbstractBeanFactory.java:321) ~[spring-beans-5.2.4.RELEASE.jar:5.2.4.RELEASE]
	at org.springframework.beans.factory.support.AbstractBeanFactory.getBean(AbstractBeanFactory.java:202) ~[spring-beans-5.2.4.RELEASE.jar:5.2.4.RELEASE]
	at org.springframework.context.support.AbstractApplicationContext.getBean(AbstractApplicationContext.java:1108) ~[spring-context-5.2.4.RELEASE.jar:5.2.4.RELEASE]
	at org.springframework.context.support.AbstractApplicationContext.finishBeanFactoryInitialization(AbstractApplicationContext.java:868) ~[spring-context-5.2.4.RELEASE.jar:5.2.4.RELEASE]
	at org.springframework.context.support.AbstractApplicationContext.refresh(AbstractApplicationContext.java:550) ~[spring-context-5.2.4.RELEASE.jar:5.2.4.RELEASE]
	at org.springframework.boot.web.servlet.context.ServletWebServerApplicationContext.refresh(ServletWebServerApplicationContext.java:141) ~[spring-boot-2.2.5.RELEASE.jar:2.2.5.RELEASE]
	at org.springframework.boot.SpringApplication.refresh(SpringApplication.java:747) ~[spring-boot-2.2.5.RELEASE.jar:2.2.5.RELEASE]
	at org.springframework.boot.SpringApplication.refreshContext(SpringApplication.java:397) ~[spring-boot-2.2.5.RELEASE.jar:2.2.5.RELEASE]
	at org.springframework.boot.SpringApplication.run(SpringApplication.java:315) ~[spring-boot-2.2.5.RELEASE.jar:2.2.5.RELEASE]
	at org.springframework.boot.SpringApplication.run(SpringApplication.java:1226) ~[spring-boot-2.2.5.RELEASE.jar:2.2.5.RELEASE]
	at org.springframework.boot.SpringApplication.run(SpringApplication.java:1215) ~[spring-boot-2.2.5.RELEASE.jar:2.2.5.RELEASE]
	at com.example.slabiak.appointmentscheduler.AppointmentSchedulerApplication.main(AppointmentSchedulerApplication.java:14) ~[classes/:na]
Caused by: com.mysql.cj.exceptions.CJCommunicationsException: Communications link failure

The last packet sent successfully to the server was 0 milliseconds ago. The driver has not received any packets from the server.
	at java.base/jdk.internal.reflect.NativeConstructorAccessorImpl.newInstance0(Native Method) ~[na:na]
	at java.base/jdk.internal.reflect.NativeConstructorAccessorImpl.newInstance(NativeConstructorAccessorImpl.java:62) ~[na:na]
	at java.base/jdk.internal.reflect.DelegatingConstructorAccessorImpl.newInstance(DelegatingConstructorAccessorImpl.java:45) ~[na:na]
	at java.base/java.lang.reflect.Constructor.newInstance(Constructor.java:490) ~[na:na]
	at com.mysql.cj.exceptions.ExceptionFactory.createException(ExceptionFactory.java:61) ~[mysql-connector-java-8.0.19.jar:8.0.19]
	at com.mysql.cj.exceptions.ExceptionFactory.createException(ExceptionFactory.java:105) ~[mysql-connector-java-8.0.19.jar:8.0.19]
	at com.mysql.cj.exceptions.ExceptionFactory.createException(ExceptionFactory.java:151) ~[mysql-connector-java-8.0.19.jar:8.0.19]
	at com.mysql.cj.exceptions.ExceptionFactory.createCommunicationsException(ExceptionFactory.java:167) ~[mysql-connector-java-8.0.19.jar:8.0.19]
	at com.mysql.cj.protocol.a.NativeSocketConnection.connect(NativeSocketConnection.java:91) ~[mysql-connector-java-8.0.19.jar:8.0.19]
	at com.mysql.cj.NativeSession.connect(NativeSession.java:144) ~[mysql-connector-java-8.0.19.jar:8.0.19]
	at com.mysql.cj.jdbc.ConnectionImpl.connectOneTryOnly(ConnectionImpl.java:956) ~[mysql-connector-java-8.0.19.jar:8.0.19]
	at com.mysql.cj.jdbc.ConnectionImpl.createNewIO(ConnectionImpl.java:826) ~[mysql-connector-java-8.0.19.jar:8.0.19]
	... 49 common frames omitted
Caused by: java.net.ConnectException: Connection refused: connect
	at java.base/java.net.PlainSocketImpl.waitForConnect(Native Method) ~[na:na]
	at java.base/java.net.PlainSocketImpl.socketConnect(PlainSocketImpl.java:107) ~[na:na]
	at java.base/java.net.AbstractPlainSocketImpl.doConnect(AbstractPlainSocketImpl.java:399) ~[na:na]
	at java.base/java.net.AbstractPlainSocketImpl.connectToAddress(AbstractPlainSocketImpl.java:242) ~[na:na]
	at java.base/java.net.AbstractPlainSocketImpl.connect(AbstractPlainSocketImpl.java:224) ~[na:na]
	at java.base/java.net.SocksSocketImpl.connect(SocksSocketImpl.java:392) ~[na:na]
	at java.base/java.net.Socket.connect(Socket.java:609) ~[na:na]
	at com.mysql.cj.protocol.StandardSocketFactory.connect(StandardSocketFactory.java:155) ~[mysql-connector-java-8.0.19.jar:8.0.19]
	at com.mysql.cj.protocol.a.NativeSocketConnection.connect(NativeSocketConnection.java:65) ~[mysql-connector-java-8.0.19.jar:8.0.19]
	... 52 common frames omitted

2022-05-22 09:05:26.019  WARN 10124 --- [main] o.h.e.j.e.i.JdbcEnvironmentInitiator     : HHH000342: Could not obtain connection to query metadata : Communications link failure

The last packet sent successfully to the server was 0 milliseconds ago. The driver has not received any packets from the server.
2022-05-22 09:05:26.068  INFO 10124 --- [main] org.hibernate.dialect.Dialect            : HHH000400: Using dialect: org.hibernate.dialect.MySQL5Dialect
2022-05-22 09:05:27.981  INFO 10124 --- [main] o.h.e.t.j.p.i.JtaPlatformInitiator       : HHH000490: Using JtaPlatform implementation: [org.hibernate.engine.transaction.jta.platform.internal.NoJtaPlatform]
2022-05-22 09:05:28.001  INFO 10124 --- [main] j.LocalContainerEntityManagerFactoryBean : Initialized JPA EntityManagerFactory for persistence unit 'default'
2022-05-22 09:05:29.519  WARN 10124 --- [main] JpaBaseConfiguration$JpaWebConfiguration : spring.jpa.open-in-view is enabled by default. Therefore, database queries may be performed during view rendering. Explicitly configure spring.jpa.open-in-view to disable this warning
2022-05-22 09:05:29.728  INFO 10124 --- [main] o.s.s.web.DefaultSecurityFilterChain     : Creating filter chain: Ant [pattern='/customers/new/**'], []
2022-05-22 09:05:29.779  INFO 10124 --- [main] o.s.s.web.DefaultSecurityFilterChain     : Creating filter chain: any request, [org.springframework.security.web.context.request.async.WebAsyncManagerIntegrationFilter@3e356ed6, org.springframework.security.web.context.SecurityContextPersistenceFilter@4ed90b04, org.springframework.security.web.header.HeaderWriterFilter@2e1003d9, org.springframework.security.web.authentication.logout.LogoutFilter@18ed8b75, org.springframework.security.web.authentication.UsernamePasswordAuthenticationFilter@709c6768, org.springframework.security.web.savedrequest.RequestCacheAwareFilter@7dd92a36, org.springframework.security.web.servletapi.SecurityContextHolderAwareRequestFilter@7a8e484b, org.springframework.security.web.authentication.AnonymousAuthenticationFilter@403b7be3, org.springframework.security.web.session.SessionManagementFilter@5d1907fb, org.springframework.security.web.access.ExceptionTranslationFilter@19240b9, org.springframework.security.web.access.intercept.FilterSecurityInterceptor@7bc239db]
2022-05-22 09:05:29.978  INFO 10124 --- [main] o.s.s.concurrent.ThreadPoolTaskExecutor  : Initializing ExecutorService 'applicationTaskExecutor'
2022-05-22 09:05:30.463  INFO 10124 --- [main] o.s.s.c.ThreadPoolTaskScheduler          : Initializing ExecutorService 'taskScheduler'
2022-05-22 09:05:30.479  INFO 10124 --- [main] o.s.b.a.e.web.EndpointLinksResolver      : Exposing 2 endpoint(s) beneath base path '/actuator'
2022-05-22 09:05:30.595  INFO 10124 --- [main] o.s.b.w.embedded.tomcat.TomcatWebServer  : Tomcat started on port(s): 8080 (http) with context path ''
2022-05-22 09:05:30.598  INFO 10124 --- [main] c.e.s.a.AppointmentSchedulerApplication  : Started AppointmentSchedulerApplication in 15.986 seconds (JVM running for 17.709)
2022-05-22 09:05:30.622  INFO 10124 --- [scheduling-1] com.zaxxer.hikari.HikariDataSource       : HikariPool-1 - Starting...
2022-05-22 09:05:31.875  INFO 10124 --- [RMI TCP Connection(3)-127.0.0.1] o.a.c.c.C.[Tomcat].[localhost].[/]       : Initializing Spring DispatcherServlet 'dispatcherServlet'
2022-05-22 09:05:31.875  INFO 10124 --- [RMI TCP Connection(3)-127.0.0.1] o.s.web.servlet.DispatcherServlet        : Initializing Servlet 'dispatcherServlet'
2022-05-22 09:05:31.889  INFO 10124 --- [RMI TCP Connection(3)-127.0.0.1] o.s.web.servlet.DispatcherServlet        : Completed initialization in 14 ms
2022-05-22 09:05:35.715 ERROR 10124 --- [scheduling-1] com.zaxxer.hikari.pool.HikariPool        : HikariPool-1 - Exception during pool initialization.

com.mysql.cj.jdbc.exceptions.CommunicationsException: Communications link failure

The last packet sent successfully to the server was 0 milliseconds ago. The driver has not received any packets from the server.
	at com.mysql.cj.jdbc.exceptions.SQLError.createCommunicationsException(SQLError.java:174) ~[mysql-connector-java-8.0.19.jar:8.0.19]
	at com.mysql.cj.jdbc.exceptions.SQLExceptionsMapping.translateException(SQLExceptionsMapping.java:64) ~[mysql-connector-java-8.0.19.jar:8.0.19]
	at com.mysql.cj.jdbc.ConnectionImpl.createNewIO(ConnectionImpl.java:836) ~[mysql-connector-java-8.0.19.jar:8.0.19]
	at com.mysql.cj.jdbc.ConnectionImpl.<init>(ConnectionImpl.java:456) ~[mysql-connector-java-8.0.19.jar:8.0.19]
	at com.mysql.cj.jdbc.ConnectionImpl.getInstance(ConnectionImpl.java:246) ~[mysql-connector-java-8.0.19.jar:8.0.19]
	at com.mysql.cj.jdbc.NonRegisteringDriver.connect(NonRegisteringDriver.java:197) ~[mysql-connector-java-8.0.19.jar:8.0.19]
	at com.zaxxer.hikari.util.DriverDataSource.getConnection(DriverDataSource.java:138) ~[HikariCP-3.4.2.jar:na]
	at com.zaxxer.hikari.pool.PoolBase.newConnection(PoolBase.java:354) ~[HikariCP-3.4.2.jar:na]
	at com.zaxxer.hikari.pool.PoolBase.newPoolEntry(PoolBase.java:202) ~[HikariCP-3.4.2.jar:na]
	at com.zaxxer.hikari.pool.HikariPool.createPoolEntry(HikariPool.java:473) ~[HikariCP-3.4.2.jar:na]
	at com.zaxxer.hikari.pool.HikariPool.checkFailFast(HikariPool.java:554) ~[HikariCP-3.4.2.jar:na]
	at com.zaxxer.hikari.pool.HikariPool.<init>(HikariPool.java:115) ~[HikariCP-3.4.2.jar:na]
	at com.zaxxer.hikari.HikariDataSource.getConnection(HikariDataSource.java:112) ~[HikariCP-3.4.2.jar:na]
	at org.hibernate.engine.jdbc.connections.internal.DatasourceConnectionProviderImpl.getConnection(DatasourceConnectionProviderImpl.java:122) ~[hibernate-core-5.4.12.Final.jar:5.4.12.Final]
	at org.hibernate.internal.NonContextualJdbcConnectionAccess.obtainConnection(NonContextualJdbcConnectionAccess.java:38) ~[hibernate-core-5.4.12.Final.jar:5.4.12.Final]
	at org.hibernate.resource.jdbc.internal.LogicalConnectionManagedImpl.acquireConnectionIfNeeded(LogicalConnectionManagedImpl.java:104) ~[hibernate-core-5.4.12.Final.jar:5.4.12.Final]
	at org.hibernate.resource.jdbc.internal.LogicalConnectionManagedImpl.getPhysicalConnection(LogicalConnectionManagedImpl.java:134) ~[hibernate-core-5.4.12.Final.jar:5.4.12.Final]
	at org.hibernate.engine.jdbc.internal.StatementPreparerImpl.connection(StatementPreparerImpl.java:50) ~[hibernate-core-5.4.12.Final.jar:5.4.12.Final]
	at org.hibernate.engine.jdbc.internal.StatementPreparerImpl$5.doPrepare(StatementPreparerImpl.java:149) ~[hibernate-core-5.4.12.Final.jar:5.4.12.Final]
	at org.hibernate.engine.jdbc.internal.StatementPreparerImpl$StatementPreparationTemplate.prepareStatement(StatementPreparerImpl.java:176) ~[hibernate-core-5.4.12.Final.jar:5.4.12.Final]
	at org.hibernate.engine.jdbc.internal.StatementPreparerImpl.prepareQueryStatement(StatementPreparerImpl.java:151) ~[hibernate-core-5.4.12.Final.jar:5.4.12.Final]
	at org.hibernate.loader.Loader.prepareQueryStatement(Loader.java:2104) ~[hibernate-core-5.4.12.Final.jar:5.4.12.Final]
	at org.hibernate.loader.Loader.executeQueryStatement(Loader.java:2034) ~[hibernate-core-5.4.12.Final.jar:5.4.12.Final]
	at org.hibernate.loader.Loader.executeQueryStatement(Loader.java:2012) ~[hibernate-core-5.4.12.Final.jar:5.4.12.Final]
	at org.hibernate.loader.Loader.doQuery(Loader.java:953) ~[hibernate-core-5.4.12.Final.jar:5.4.12.Final]
	at org.hibernate.loader.Loader.doQueryAndInitializeNonLazyCollections(Loader.java:354) ~[hibernate-core-5.4.12.Final.jar:5.4.12.Final]
	at org.hibernate.loader.Loader.doList(Loader.java:2838) ~[hibernate-core-5.4.12.Final.jar:5.4.12.Final]
	at org.hibernate.loader.Loader.doList(Loader.java:2820) ~[hibernate-core-5.4.12.Final.jar:5.4.12.Final]
	at org.hibernate.loader.Loader.listIgnoreQueryCache(Loader.java:2652) ~[hibernate-core-5.4.12.Final.jar:5.4.12.Final]
	at org.hibernate.loader.Loader.list(Loader.java:2647) ~[hibernate-core-5.4.12.Final.jar:5.4.12.Final]
	at org.hibernate.loader.hql.QueryLoader.list(QueryLoader.java:506) ~[hibernate-core-5.4.12.Final.jar:5.4.12.Final]
	at org.hibernate.hql.internal.ast.QueryTranslatorImpl.list(QueryTranslatorImpl.java:396) ~[hibernate-core-5.4.12.Final.jar:5.4.12.Final]
	at org.hibernate.engine.query.spi.HQLQueryPlan.performList(HQLQueryPlan.java:219) ~[hibernate-core-5.4.12.Final.jar:5.4.12.Final]
	at org.hibernate.internal.SessionImpl.list(SessionImpl.java:1404) ~[hibernate-core-5.4.12.Final.jar:5.4.12.Final]
	at org.hibernate.query.internal.AbstractProducedQuery.doList(AbstractProducedQuery.java:1562) ~[hibernate-core-5.4.12.Final.jar:5.4.12.Final]
	at org.hibernate.query.internal.AbstractProducedQuery.list(AbstractProducedQuery.java:1530) ~[hibernate-core-5.4.12.Final.jar:5.4.12.Final]
	at org.hibernate.query.Query.getResultList(Query.java:165) ~[hibernate-core-5.4.12.Final.jar:5.4.12.Final]
	at java.base/jdk.internal.reflect.NativeMethodAccessorImpl.invoke0(Native Method) ~[na:na]
	at java.base/jdk.internal.reflect.NativeMethodAccessorImpl.invoke(NativeMethodAccessorImpl.java:62) ~[na:na]
	at java.base/jdk.internal.reflect.DelegatingMethodAccessorImpl.invoke(DelegatingMethodAccessorImpl.java:43) ~[na:na]
	at java.base/java.lang.reflect.Method.invoke(Method.java:566) ~[na:na]
	at org.springframework.orm.jpa.SharedEntityManagerCreator$DeferredQueryInvocationHandler.invoke(SharedEntityManagerCreator.java:409) ~[spring-orm-5.2.4.RELEASE.jar:5.2.4.RELEASE]
	at com.sun.proxy.$Proxy184.getResultList(Unknown Source) ~[na:na]
	at org.springframework.data.jpa.repository.query.JpaQueryExecution$CollectionExecution.doExecute(JpaQueryExecution.java:126) ~[spring-data-jpa-2.2.5.RELEASE.jar:2.2.5.RELEASE]
	at org.springframework.data.jpa.repository.query.JpaQueryExecution.execute(JpaQueryExecution.java:88) ~[spring-data-jpa-2.2.5.RELEASE.jar:2.2.5.RELEASE]
	at org.springframework.data.jpa.repository.query.AbstractJpaQuery.doExecute(AbstractJpaQuery.java:154) ~[spring-data-jpa-2.2.5.RELEASE.jar:2.2.5.RELEASE]
	at org.springframework.data.jpa.repository.query.AbstractJpaQuery.execute(AbstractJpaQuery.java:142) ~[spring-data-jpa-2.2.5.RELEASE.jar:2.2.5.RELEASE]
	at org.springframework.data.repository.core.support.RepositoryFactorySupport$QueryExecutorMethodInterceptor.doInvoke(RepositoryFactorySupport.java:618) ~[spring-data-commons-2.2.5.RELEASE.jar:2.2.5.RELEASE]
	at org.springframework.data.repository.core.support.RepositoryFactorySupport$QueryExecutorMethodInterceptor.invoke(RepositoryFactorySupport.java:605) ~[spring-data-commons-2.2.5.RELEASE.jar:2.2.5.RELEASE]
	at org.springframework.aop.framework.ReflectiveMethodInvocation.proceed(ReflectiveMethodInvocation.java:186) ~[spring-aop-5.2.4.RELEASE.jar:5.2.4.RELEASE]
	at org.springframework.data.projection.DefaultMethodInvokingMethodInterceptor.invoke(DefaultMethodInvokingMethodInterceptor.java:80) ~[spring-data-commons-2.2.5.RELEASE.jar:2.2.5.RELEASE]
	at org.springframework.aop.framework.ReflectiveMethodInvocation.proceed(ReflectiveMethodInvocation.java:186) ~[spring-aop-5.2.4.RELEASE.jar:5.2.4.RELEASE]
	at org.springframework.transaction.interceptor.TransactionAspectSupport.invokeWithinTransaction(TransactionAspectSupport.java:366) ~[spring-tx-5.2.4.RELEASE.jar:5.2.4.RELEASE]
	at org.springframework.transaction.interceptor.TransactionInterceptor.invoke(TransactionInterceptor.java:99) ~[spring-tx-5.2.4.RELEASE.jar:5.2.4.RELEASE]
	at org.springframework.aop.framework.ReflectiveMethodInvocation.proceed(ReflectiveMethodInvocation.java:186) ~[spring-aop-5.2.4.RELEASE.jar:5.2.4.RELEASE]
	at org.springframework.dao.support.PersistenceExceptionTranslationInterceptor.invoke(PersistenceExceptionTranslationInterceptor.java:139) ~[spring-tx-5.2.4.RELEASE.jar:5.2.4.RELEASE]
	at org.springframework.aop.framework.ReflectiveMethodInvocation.proceed(ReflectiveMethodInvocation.java:186) ~[spring-aop-5.2.4.RELEASE.jar:5.2.4.RELEASE]
	at org.springframework.data.jpa.repository.support.CrudMethodMetadataPostProcessor$CrudMethodMetadataPopulatingMethodInterceptor.invoke(CrudMethodMetadataPostProcessor.java:149) ~[spring-data-jpa-2.2.5.RELEASE.jar:2.2.5.RELEASE]
	at org.springframework.aop.framework.ReflectiveMethodInvocation.proceed(ReflectiveMethodInvocation.java:186) ~[spring-aop-5.2.4.RELEASE.jar:5.2.4.RELEASE]
	at org.springframework.aop.interceptor.ExposeInvocationInterceptor.invoke(ExposeInvocationInterceptor.java:95) ~[spring-aop-5.2.4.RELEASE.jar:5.2.4.RELEASE]
	at org.springframework.aop.framework.ReflectiveMethodInvocation.proceed(ReflectiveMethodInvocation.java:186) ~[spring-aop-5.2.4.RELEASE.jar:5.2.4.RELEASE]
	at org.springframework.aop.framework.JdkDynamicAopProxy.invoke(JdkDynamicAopProxy.java:212) ~[spring-aop-5.2.4.RELEASE.jar:5.2.4.RELEASE]
	at com.sun.proxy.$Proxy150.findExchangeRequestedWithStartBefore(Unknown Source) ~[na:na]
	at com.example.slabiak.appointmentscheduler.service.impl.AppointmentServiceImpl.updateAppointmentsStatusesWithExpiredExchangeRequest(AppointmentServiceImpl.java:222) ~[classes/:na]
	at com.example.slabiak.appointmentscheduler.service.impl.AppointmentServiceImpl$$FastClassBySpringCGLIB$$1f16829f.invoke(<generated>) ~[classes/:na]
	at org.springframework.cglib.proxy.MethodProxy.invoke(MethodProxy.java:218) ~[spring-core-5.2.4.RELEASE.jar:5.2.4.RELEASE]
	at org.springframework.aop.framework.CglibAopProxy$DynamicAdvisedInterceptor.intercept(CglibAopProxy.java:685) ~[spring-aop-5.2.4.RELEASE.jar:5.2.4.RELEASE]
	at com.example.slabiak.appointmentscheduler.service.impl.AppointmentServiceImpl$$EnhancerBySpringCGLIB$$961de8bb.updateAppointmentsStatusesWithExpiredExchangeRequest(<generated>) ~[classes/:na]
	at com.example.slabiak.appointmentscheduler.service.impl.ScheduledTasksServiceImpl.updateAllAppointmentsStatuses(ScheduledTasksServiceImpl.java:25) ~[classes/:na]
	at java.base/jdk.internal.reflect.NativeMethodAccessorImpl.invoke0(Native Method) ~[na:na]
	at java.base/jdk.internal.reflect.NativeMethodAccessorImpl.invoke(NativeMethodAccessorImpl.java:62) ~[na:na]
	at java.base/jdk.internal.reflect.DelegatingMethodAccessorImpl.invoke(DelegatingMethodAccessorImpl.java:43) ~[na:na]
	at java.base/java.lang.reflect.Method.invoke(Method.java:566) ~[na:na]
	at org.springframework.scheduling.support.ScheduledMethodRunnable.run(ScheduledMethodRunnable.java:84) ~[spring-context-5.2.4.RELEASE.jar:5.2.4.RELEASE]
	at org.springframework.scheduling.support.DelegatingErrorHandlingRunnable.run(DelegatingErrorHandlingRunnable.java:54) ~[spring-context-5.2.4.RELEASE.jar:5.2.4.RELEASE]
	at java.base/java.util.concurrent.Executors$RunnableAdapter.call(Executors.java:515) ~[na:na]
	at java.base/java.util.concurrent.FutureTask.runAndReset(FutureTask.java:305) ~[na:na]
	at java.base/java.util.concurrent.ScheduledThreadPoolExecutor$ScheduledFutureTask.run(ScheduledThreadPoolExecutor.java:305) ~[na:na]
	at java.base/java.util.concurrent.ThreadPoolExecutor.runWorker(ThreadPoolExecutor.java:1128) ~[na:na]
	at java.base/java.util.concurrent.ThreadPoolExecutor$Worker.run(ThreadPoolExecutor.java:628) ~[na:na]
	at java.base/java.lang.Thread.run(Thread.java:829) ~[na:na]
Caused by: com.mysql.cj.exceptions.CJCommunicationsException: Communications link failure

The last packet sent successfully to the server was 0 milliseconds ago. The driver has not received any packets from the server.
	at java.base/jdk.internal.reflect.NativeConstructorAccessorImpl.newInstance0(Native Method) ~[na:na]
	at java.base/jdk.internal.reflect.NativeConstructorAccessorImpl.newInstance(NativeConstructorAccessorImpl.java:62) ~[na:na]
	at java.base/jdk.internal.reflect.DelegatingConstructorAccessorImpl.newInstance(DelegatingConstructorAccessorImpl.java:45) ~[na:na]
	at java.base/java.lang.reflect.Constructor.newInstance(Constructor.java:490) ~[na:na]
	at com.mysql.cj.exceptions.ExceptionFactory.createException(ExceptionFactory.java:61) ~[mysql-connector-java-8.0.19.jar:8.0.19]
	at com.mysql.cj.exceptions.ExceptionFactory.createException(ExceptionFactory.java:105) ~[mysql-connector-java-8.0.19.jar:8.0.19]
	at com.mysql.cj.exceptions.ExceptionFactory.createException(ExceptionFactory.java:151) ~[mysql-connector-java-8.0.19.jar:8.0.19]
	at com.mysql.cj.exceptions.ExceptionFactory.createCommunicationsException(ExceptionFactory.java:167) ~[mysql-connector-java-8.0.19.jar:8.0.19]
	at com.mysql.cj.protocol.a.NativeSocketConnection.connect(NativeSocketConnection.java:91) ~[mysql-connector-java-8.0.19.jar:8.0.19]
	at com.mysql.cj.NativeSession.connect(NativeSession.java:144) ~[mysql-connector-java-8.0.19.jar:8.0.19]
	at com.mysql.cj.jdbc.ConnectionImpl.connectOneTryOnly(ConnectionImpl.java:956) ~[mysql-connector-java-8.0.19.jar:8.0.19]
	at com.mysql.cj.jdbc.ConnectionImpl.createNewIO(ConnectionImpl.java:826) ~[mysql-connector-java-8.0.19.jar:8.0.19]
	... 78 common frames omitted
Caused by: java.net.ConnectException: Connection refused: connect
	at java.base/java.net.PlainSocketImpl.waitForConnect(Native Method) ~[na:na]
	at java.base/java.net.PlainSocketImpl.socketConnect(PlainSocketImpl.java:107) ~[na:na]
	at java.base/java.net.AbstractPlainSocketImpl.doConnect(AbstractPlainSocketImpl.java:399) ~[na:na]
	at java.base/java.net.AbstractPlainSocketImpl.connectToAddress(AbstractPlainSocketImpl.java:242) ~[na:na]
	at java.base/java.net.AbstractPlainSocketImpl.connect(AbstractPlainSocketImpl.java:224) ~[na:na]
	at java.base/java.net.SocksSocketImpl.connect(SocksSocketImpl.java:392) ~[na:na]
	at java.base/java.net.Socket.connect(Socket.java:609) ~[na:na]
	at com.mysql.cj.protocol.StandardSocketFactory.connect(StandardSocketFactory.java:155) ~[mysql-connector-java-8.0.19.jar:8.0.19]
	at com.mysql.cj.protocol.a.NativeSocketConnection.connect(NativeSocketConnection.java:65) ~[mysql-connector-java-8.0.19.jar:8.0.19]
	... 81 common frames omitted

2022-05-22 09:05:35.719  WARN 10124 --- [scheduling-1] o.h.engine.jdbc.spi.SqlExceptionHelper   : SQL Error: 0, SQLState: 08S01
2022-05-22 09:05:35.720 ERROR 10124 --- [scheduling-1] o.h.engine.jdbc.spi.SqlExceptionHelper   : Communications link failure

The last packet sent successfully to the server was 0 milliseconds ago. The driver has not received any packets from the server.
2022-05-22 09:05:35.726 ERROR 10124 --- [scheduling-1] o.s.s.s.TaskUtils$LoggingErrorHandler    : Unexpected error occurred in scheduled task

org.springframework.dao.DataAccessResourceFailureException: Unable to acquire JDBC Connection; nested exception is org.hibernate.exception.JDBCConnectionException: Unable to acquire JDBC Connection
	at org.springframework.orm.jpa.vendor.HibernateJpaDialect.convertHibernateAccessException(HibernateJpaDialect.java:277) ~[spring-orm-5.2.4.RELEASE.jar:5.2.4.RELEASE]
	at org.springframework.orm.jpa.vendor.HibernateJpaDialect.translateExceptionIfPossible(HibernateJpaDialect.java:255) ~[spring-orm-5.2.4.RELEASE.jar:5.2.4.RELEASE]
	at org.springframework.orm.jpa.AbstractEntityManagerFactoryBean.translateExceptionIfPossible(AbstractEntityManagerFactoryBean.java:528) ~[spring-orm-5.2.4.RELEASE.jar:5.2.4.RELEASE]
	at org.springframework.dao.support.ChainedPersistenceExceptionTranslator.translateExceptionIfPossible(ChainedPersistenceExceptionTranslator.java:61) ~[spring-tx-5.2.4.RELEASE.jar:5.2.4.RELEASE]
	at org.springframework.dao.support.DataAccessUtils.translateIfNecessary(DataAccessUtils.java:242) ~[spring-tx-5.2.4.RELEASE.jar:5.2.4.RELEASE]
	at org.springframework.dao.support.PersistenceExceptionTranslationInterceptor.invoke(PersistenceExceptionTranslationInterceptor.java:153) ~[spring-tx-5.2.4.RELEASE.jar:5.2.4.RELEASE]
	at org.springframework.aop.framework.ReflectiveMethodInvocation.proceed(ReflectiveMethodInvocation.java:186) ~[spring-aop-5.2.4.RELEASE.jar:5.2.4.RELEASE]
	at org.springframework.data.jpa.repository.support.CrudMethodMetadataPostProcessor$CrudMethodMetadataPopulatingMethodInterceptor.invoke(CrudMethodMetadataPostProcessor.java:149) ~[spring-data-jpa-2.2.5.RELEASE.jar:2.2.5.RELEASE]
	at org.springframework.aop.framework.ReflectiveMethodInvocation.proceed(ReflectiveMethodInvocation.java:186) ~[spring-aop-5.2.4.RELEASE.jar:5.2.4.RELEASE]
	at org.springframework.aop.interceptor.ExposeInvocationInterceptor.invoke(ExposeInvocationInterceptor.java:95) ~[spring-aop-5.2.4.RELEASE.jar:5.2.4.RELEASE]
	at org.springframework.aop.framework.ReflectiveMethodInvocation.proceed(ReflectiveMethodInvocation.java:186) ~[spring-aop-5.2.4.RELEASE.jar:5.2.4.RELEASE]
	at org.springframework.aop.framework.JdkDynamicAopProxy.invoke(JdkDynamicAopProxy.java:212) ~[spring-aop-5.2.4.RELEASE.jar:5.2.4.RELEASE]
	at com.sun.proxy.$Proxy150.findExchangeRequestedWithStartBefore(Unknown Source) ~[na:na]
	at com.example.slabiak.appointmentscheduler.service.impl.AppointmentServiceImpl.updateAppointmentsStatusesWithExpiredExchangeRequest(AppointmentServiceImpl.java:222) ~[classes/:na]
	at com.example.slabiak.appointmentscheduler.service.impl.AppointmentServiceImpl$$FastClassBySpringCGLIB$$1f16829f.invoke(<generated>) ~[classes/:na]
	at org.springframework.cglib.proxy.MethodProxy.invoke(MethodProxy.java:218) ~[spring-core-5.2.4.RELEASE.jar:5.2.4.RELEASE]
	at org.springframework.aop.framework.CglibAopProxy$DynamicAdvisedInterceptor.intercept(CglibAopProxy.java:685) ~[spring-aop-5.2.4.RELEASE.jar:5.2.4.RELEASE]
	at com.example.slabiak.appointmentscheduler.service.impl.AppointmentServiceImpl$$EnhancerBySpringCGLIB$$961de8bb.updateAppointmentsStatusesWithExpiredExchangeRequest(<generated>) ~[classes/:na]
	at com.example.slabiak.appointmentscheduler.service.impl.ScheduledTasksServiceImpl.updateAllAppointmentsStatuses(ScheduledTasksServiceImpl.java:25) ~[classes/:na]
	at java.base/jdk.internal.reflect.NativeMethodAccessorImpl.invoke0(Native Method) ~[na:na]
	at java.base/jdk.internal.reflect.NativeMethodAccessorImpl.invoke(NativeMethodAccessorImpl.java:62) ~[na:na]
	at java.base/jdk.internal.reflect.DelegatingMethodAccessorImpl.invoke(DelegatingMethodAccessorImpl.java:43) ~[na:na]
	at java.base/java.lang.reflect.Method.invoke(Method.java:566) ~[na:na]
	at org.springframework.scheduling.support.ScheduledMethodRunnable.run(ScheduledMethodRunnable.java:84) ~[spring-context-5.2.4.RELEASE.jar:5.2.4.RELEASE]
	at org.springframework.scheduling.support.DelegatingErrorHandlingRunnable.run(DelegatingErrorHandlingRunnable.java:54) ~[spring-context-5.2.4.RELEASE.jar:5.2.4.RELEASE]
	at java.base/java.util.concurrent.Executors$RunnableAdapter.call(Executors.java:515) ~[na:na]
	at java.base/java.util.concurrent.FutureTask.runAndReset(FutureTask.java:305) ~[na:na]
	at java.base/java.util.concurrent.ScheduledThreadPoolExecutor$ScheduledFutureTask.run(ScheduledThreadPoolExecutor.java:305) ~[na:na]
	at java.base/java.util.concurrent.ThreadPoolExecutor.runWorker(ThreadPoolExecutor.java:1128) ~[na:na]
	at java.base/java.util.concurrent.ThreadPoolExecutor$Worker.run(ThreadPoolExecutor.java:628) ~[na:na]
	at java.base/java.lang.Thread.run(Thread.java:829) ~[na:na]
Caused by: org.hibernate.exception.JDBCConnectionException: Unable to acquire JDBC Connection
	at org.hibernate.exception.internal.SQLStateConversionDelegate.convert(SQLStateConversionDelegate.java:112) ~[hibernate-core-5.4.12.Final.jar:5.4.12.Final]
	at org.hibernate.exception.internal.StandardSQLExceptionConverter.convert(StandardSQLExceptionConverter.java:42) ~[hibernate-core-5.4.12.Final.jar:5.4.12.Final]
	at org.hibernate.engine.jdbc.spi.SqlExceptionHelper.convert(SqlExceptionHelper.java:113) ~[hibernate-core-5.4.12.Final.jar:5.4.12.Final]
	at org.hibernate.engine.jdbc.spi.SqlExceptionHelper.convert(SqlExceptionHelper.java:99) ~[hibernate-core-5.4.12.Final.jar:5.4.12.Final]
	at org.hibernate.resource.jdbc.internal.LogicalConnectionManagedImpl.acquireConnectionIfNeeded(LogicalConnectionManagedImpl.java:107) ~[hibernate-core-5.4.12.Final.jar:5.4.12.Final]
	at org.hibernate.resource.jdbc.internal.LogicalConnectionManagedImpl.getPhysicalConnection(LogicalConnectionManagedImpl.java:134) ~[hibernate-core-5.4.12.Final.jar:5.4.12.Final]
	at org.hibernate.engine.jdbc.internal.StatementPreparerImpl.connection(StatementPreparerImpl.java:50) ~[hibernate-core-5.4.12.Final.jar:5.4.12.Final]
	at org.hibernate.engine.jdbc.internal.StatementPreparerImpl$5.doPrepare(StatementPreparerImpl.java:149) ~[hibernate-core-5.4.12.Final.jar:5.4.12.Final]
	at org.hibernate.engine.jdbc.internal.StatementPreparerImpl$StatementPreparationTemplate.prepareStatement(StatementPreparerImpl.java:176) ~[hibernate-core-5.4.12.Final.jar:5.4.12.Final]
	at org.hibernate.engine.jdbc.internal.StatementPreparerImpl.prepareQueryStatement(StatementPreparerImpl.java:151) ~[hibernate-core-5.4.12.Final.jar:5.4.12.Final]
	at org.hibernate.loader.Loader.prepareQueryStatement(Loader.java:2104) ~[hibernate-core-5.4.12.Final.jar:5.4.12.Final]
	at org.hibernate.loader.Loader.executeQueryStatement(Loader.java:2034) ~[hibernate-core-5.4.12.Final.jar:5.4.12.Final]
	at org.hibernate.loader.Loader.executeQueryStatement(Loader.java:2012) ~[hibernate-core-5.4.12.Final.jar:5.4.12.Final]
	at org.hibernate.loader.Loader.doQuery(Loader.java:953) ~[hibernate-core-5.4.12.Final.jar:5.4.12.Final]
	at org.hibernate.loader.Loader.doQueryAndInitializeNonLazyCollections(Loader.java:354) ~[hibernate-core-5.4.12.Final.jar:5.4.12.Final]
	at org.hibernate.loader.Loader.doList(Loader.java:2838) ~[hibernate-core-5.4.12.Final.jar:5.4.12.Final]
	at org.hibernate.loader.Loader.doList(Loader.java:2820) ~[hibernate-core-5.4.12.Final.jar:5.4.12.Final]
	at org.hibernate.loader.Loader.listIgnoreQueryCache(Loader.java:2652) ~[hibernate-core-5.4.12.Final.jar:5.4.12.Final]
	at org.hibernate.loader.Loader.list(Loader.java:2647) ~[hibernate-core-5.4.12.Final.jar:5.4.12.Final]
	at org.hibernate.loader.hql.QueryLoader.list(QueryLoader.java:506) ~[hibernate-core-5.4.12.Final.jar:5.4.12.Final]
	at org.hibernate.hql.internal.ast.QueryTranslatorImpl.list(QueryTranslatorImpl.java:396) ~[hibernate-core-5.4.12.Final.jar:5.4.12.Final]
	at org.hibernate.engine.query.spi.HQLQueryPlan.performList(HQLQueryPlan.java:219) ~[hibernate-core-5.4.12.Final.jar:5.4.12.Final]
	at org.hibernate.internal.SessionImpl.list(SessionImpl.java:1404) ~[hibernate-core-5.4.12.Final.jar:5.4.12.Final]
	at org.hibernate.query.internal.AbstractProducedQuery.doList(AbstractProducedQuery.java:1562) ~[hibernate-core-5.4.12.Final.jar:5.4.12.Final]
	at org.hibernate.query.internal.AbstractProducedQuery.list(AbstractProducedQuery.java:1530) ~[hibernate-core-5.4.12.Final.jar:5.4.12.Final]
	at org.hibernate.query.Query.getResultList(Query.java:165) ~[hibernate-core-5.4.12.Final.jar:5.4.12.Final]
	at java.base/jdk.internal.reflect.NativeMethodAccessorImpl.invoke0(Native Method) ~[na:na]
	at java.base/jdk.internal.reflect.NativeMethodAccessorImpl.invoke(NativeMethodAccessorImpl.java:62) ~[na:na]
	at java.base/jdk.internal.reflect.DelegatingMethodAccessorImpl.invoke(DelegatingMethodAccessorImpl.java:43) ~[na:na]
	at java.base/java.lang.reflect.Method.invoke(Method.java:566) ~[na:na]
	at org.springframework.orm.jpa.SharedEntityManagerCreator$DeferredQueryInvocationHandler.invoke(SharedEntityManagerCreator.java:409) ~[spring-orm-5.2.4.RELEASE.jar:5.2.4.RELEASE]
	at com.sun.proxy.$Proxy184.getResultList(Unknown Source) ~[na:na]
	at org.springframework.data.jpa.repository.query.JpaQueryExecution$CollectionExecution.doExecute(JpaQueryExecution.java:126) ~[spring-data-jpa-2.2.5.RELEASE.jar:2.2.5.RELEASE]
	at org.springframework.data.jpa.repository.query.JpaQueryExecution.execute(JpaQueryExecution.java:88) ~[spring-data-jpa-2.2.5.RELEASE.jar:2.2.5.RELEASE]
	at org.springframework.data.jpa.repository.query.AbstractJpaQuery.doExecute(AbstractJpaQuery.java:154) ~[spring-data-jpa-2.2.5.RELEASE.jar:2.2.5.RELEASE]
	at org.springframework.data.jpa.repository.query.AbstractJpaQuery.execute(AbstractJpaQuery.java:142) ~[spring-data-jpa-2.2.5.RELEASE.jar:2.2.5.RELEASE]
	at org.springframework.data.repository.core.support.RepositoryFactorySupport$QueryExecutorMethodInterceptor.doInvoke(RepositoryFactorySupport.java:618) ~[spring-data-commons-2.2.5.RELEASE.jar:2.2.5.RELEASE]
	at org.springframework.data.repository.core.support.RepositoryFactorySupport$QueryExecutorMethodInterceptor.invoke(RepositoryFactorySupport.java:605) ~[spring-data-commons-2.2.5.RELEASE.jar:2.2.5.RELEASE]
	at org.springframework.aop.framework.ReflectiveMethodInvocation.proceed(ReflectiveMethodInvocation.java:186) ~[spring-aop-5.2.4.RELEASE.jar:5.2.4.RELEASE]
	at org.springframework.data.projection.DefaultMethodInvokingMethodInterceptor.invoke(DefaultMethodInvokingMethodInterceptor.java:80) ~[spring-data-commons-2.2.5.RELEASE.jar:2.2.5.RELEASE]
	at org.springframework.aop.framework.ReflectiveMethodInvocation.proceed(ReflectiveMethodInvocation.java:186) ~[spring-aop-5.2.4.RELEASE.jar:5.2.4.RELEASE]
	at org.springframework.transaction.interceptor.TransactionAspectSupport.invokeWithinTransaction(TransactionAspectSupport.java:366) ~[spring-tx-5.2.4.RELEASE.jar:5.2.4.RELEASE]
	at org.springframework.transaction.interceptor.TransactionInterceptor.invoke(TransactionInterceptor.java:99) ~[spring-tx-5.2.4.RELEASE.jar:5.2.4.RELEASE]
	at org.springframework.aop.framework.ReflectiveMethodInvocation.proceed(ReflectiveMethodInvocation.java:186) ~[spring-aop-5.2.4.RELEASE.jar:5.2.4.RELEASE]
	at org.springframework.dao.support.PersistenceExceptionTranslationInterceptor.invoke(PersistenceExceptionTranslationInterceptor.java:139) ~[spring-tx-5.2.4.RELEASE.jar:5.2.4.RELEASE]
	... 25 common frames omitted
Caused by: com.mysql.cj.jdbc.exceptions.CommunicationsException: Communications link failure

The last packet sent successfully to the server was 0 milliseconds ago. The driver has not received any packets from the server.
	at com.mysql.cj.jdbc.exceptions.SQLError.createCommunicationsException(SQLError.java:174) ~[mysql-connector-java-8.0.19.jar:8.0.19]
	at com.mysql.cj.jdbc.exceptions.SQLExceptionsMapping.translateException(SQLExceptionsMapping.java:64) ~[mysql-connector-java-8.0.19.jar:8.0.19]
	at com.mysql.cj.jdbc.ConnectionImpl.createNewIO(ConnectionImpl.java:836) ~[mysql-connector-java-8.0.19.jar:8.0.19]
	at com.mysql.cj.jdbc.ConnectionImpl.<init>(ConnectionImpl.java:456) ~[mysql-connector-java-8.0.19.jar:8.0.19]
	at com.mysql.cj.jdbc.ConnectionImpl.getInstance(ConnectionImpl.java:246) ~[mysql-connector-java-8.0.19.jar:8.0.19]
	at com.mysql.cj.jdbc.NonRegisteringDriver.connect(NonRegisteringDriver.java:197) ~[mysql-connector-java-8.0.19.jar:8.0.19]
	at com.zaxxer.hikari.util.DriverDataSource.getConnection(DriverDataSource.java:138) ~[HikariCP-3.4.2.jar:na]
	at com.zaxxer.hikari.pool.PoolBase.newConnection(PoolBase.java:354) ~[HikariCP-3.4.2.jar:na]
	at com.zaxxer.hikari.pool.PoolBase.newPoolEntry(PoolBase.java:202) ~[HikariCP-3.4.2.jar:na]
	at com.zaxxer.hikari.pool.HikariPool.createPoolEntry(HikariPool.java:473) ~[HikariCP-3.4.2.jar:na]
	at com.zaxxer.hikari.pool.HikariPool.checkFailFast(HikariPool.java:554) ~[HikariCP-3.4.2.jar:na]
	at com.zaxxer.hikari.pool.HikariPool.<init>(HikariPool.java:115) ~[HikariCP-3.4.2.jar:na]
	at com.zaxxer.hikari.HikariDataSource.getConnection(HikariDataSource.java:112) ~[HikariCP-3.4.2.jar:na]
	at org.hibernate.engine.jdbc.connections.internal.DatasourceConnectionProviderImpl.getConnection(DatasourceConnectionProviderImpl.java:122) ~[hibernate-core-5.4.12.Final.jar:5.4.12.Final]
	at org.hibernate.internal.NonContextualJdbcConnectionAccess.obtainConnection(NonContextualJdbcConnectionAccess.java:38) ~[hibernate-core-5.4.12.Final.jar:5.4.12.Final]
	at org.hibernate.resource.jdbc.internal.LogicalConnectionManagedImpl.acquireConnectionIfNeeded(LogicalConnectionManagedImpl.java:104) ~[hibernate-core-5.4.12.Final.jar:5.4.12.Final]
	... 65 common frames omitted
Caused by: com.mysql.cj.exceptions.CJCommunicationsException: Communications link failure

The last packet sent successfully to the server was 0 milliseconds ago. The driver has not received any packets from the server.
	at java.base/jdk.internal.reflect.NativeConstructorAccessorImpl.newInstance0(Native Method) ~[na:na]
	at java.base/jdk.internal.reflect.NativeConstructorAccessorImpl.newInstance(NativeConstructorAccessorImpl.java:62) ~[na:na]
	at java.base/jdk.internal.reflect.DelegatingConstructorAccessorImpl.newInstance(DelegatingConstructorAccessorImpl.java:45) ~[na:na]
	at java.base/java.lang.reflect.Constructor.newInstance(Constructor.java:490) ~[na:na]
	at com.mysql.cj.exceptions.ExceptionFactory.createException(ExceptionFactory.java:61) ~[mysql-connector-java-8.0.19.jar:8.0.19]
	at com.mysql.cj.exceptions.ExceptionFactory.createException(ExceptionFactory.java:105) ~[mysql-connector-java-8.0.19.jar:8.0.19]
	at com.mysql.cj.exceptions.ExceptionFactory.createException(ExceptionFactory.java:151) ~[mysql-connector-java-8.0.19.jar:8.0.19]
	at com.mysql.cj.exceptions.ExceptionFactory.createCommunicationsException(ExceptionFactory.java:167) ~[mysql-connector-java-8.0.19.jar:8.0.19]
	at com.mysql.cj.protocol.a.NativeSocketConnection.connect(NativeSocketConnection.java:91) ~[mysql-connector-java-8.0.19.jar:8.0.19]
	at com.mysql.cj.NativeSession.connect(NativeSession.java:144) ~[mysql-connector-java-8.0.19.jar:8.0.19]
	at com.mysql.cj.jdbc.ConnectionImpl.connectOneTryOnly(ConnectionImpl.java:956) ~[mysql-connector-java-8.0.19.jar:8.0.19]
	at com.mysql.cj.jdbc.ConnectionImpl.createNewIO(ConnectionImpl.java:826) ~[mysql-connector-java-8.0.19.jar:8.0.19]
	... 78 common frames omitted
Caused by: java.net.ConnectException: Connection refused: connect
	at java.base/java.net.PlainSocketImpl.waitForConnect(Native Method) ~[na:na]
	at java.base/java.net.PlainSocketImpl.socketConnect(PlainSocketImpl.java:107) ~[na:na]
	at java.base/java.net.AbstractPlainSocketImpl.doConnect(AbstractPlainSocketImpl.java:399) ~[na:na]
	at java.base/java.net.AbstractPlainSocketImpl.connectToAddress(AbstractPlainSocketImpl.java:242) ~[na:na]
	at java.base/java.net.AbstractPlainSocketImpl.connect(AbstractPlainSocketImpl.java:224) ~[na:na]
	at java.base/java.net.SocksSocketImpl.connect(SocksSocketImpl.java:392) ~[na:na]
	at java.base/java.net.Socket.connect(Socket.java:609) ~[na:na]
	at com.mysql.cj.protocol.StandardSocketFactory.connect(StandardSocketFactory.java:155) ~[mysql-connector-java-8.0.19.jar:8.0.19]
	at com.mysql.cj.protocol.a.NativeSocketConnection.connect(NativeSocketConnection.java:65) ~[mysql-connector-java-8.0.19.jar:8.0.19]
	... 81 common frames omitted

2022-05-22 09:07:42.719  INFO 10124 --- [RMI TCP Connection(7)-127.0.0.1] inMXBeanRegistrar$SpringApplicationAdmin : Application shutdown requested.
2022-05-22 09:07:42.723  INFO 10124 --- [RMI TCP Connection(7)-127.0.0.1] o.s.s.c.ThreadPoolTaskScheduler          : Shutting down ExecutorService 'taskScheduler'
2022-05-22 09:07:42.726  INFO 10124 --- [RMI TCP Connection(7)-127.0.0.1] o.s.s.concurrent.ThreadPoolTaskExecutor  : Shutting down ExecutorService 'applicationTaskExecutor'
2022-05-22 09:07:42.730  INFO 10124 --- [RMI TCP Connection(7)-127.0.0.1] j.LocalContainerEntityManagerFactoryBean : Closing JPA EntityManagerFactory for persistence unit 'default'
2022-05-22 09:07:47.715  INFO 8308 --- [main] c.e.s.a.AppointmentSchedulerApplication  : Starting AppointmentSchedulerApplication on DESKTOP-T1HE119 with PID 8308 (C:\Users\karim\eclipse-workspace\AppointmentScheduler\target\classes started by karim in C:\Users\karim\eclipse-workspace\AppointmentScheduler)
2022-05-22 09:07:47.719  INFO 8308 --- [main] c.e.s.a.AppointmentSchedulerApplication  : No active profile set, falling back to default profiles: default
2022-05-22 09:07:48.830  INFO 8308 --- [main] .s.d.r.c.RepositoryConfigurationDelegate : Bootstrapping Spring Data JPA repositories in DEFAULT mode.
2022-05-22 09:07:48.988  INFO 8308 --- [main] .s.d.r.c.RepositoryConfigurationDelegate : Finished Spring Data repository scanning in 147ms. Found 13 JPA repository interfaces.
2022-05-22 09:07:49.515  INFO 8308 --- [main] trationDelegate$BeanPostProcessorChecker : Bean 'org.springframework.security.config.annotation.configuration.ObjectPostProcessorConfiguration' of type [org.springframework.security.config.annotation.configuration.ObjectPostProcessorConfiguration] is not eligible for getting processed by all BeanPostProcessors (for example: not eligible for auto-proxying)
2022-05-22 09:07:49.518  INFO 8308 --- [main] trationDelegate$BeanPostProcessorChecker : Bean 'objectPostProcessor' of type [org.springframework.security.config.annotation.configuration.AutowireBeanFactoryObjectPostProcessor] is not eligible for getting processed by all BeanPostProcessors (for example: not eligible for auto-proxying)
2022-05-22 09:07:49.521  INFO 8308 --- [main] trationDelegate$BeanPostProcessorChecker : Bean 'org.springframework.security.access.expression.method.DefaultMethodSecurityExpressionHandler@7ddd84b5' of type [org.springframework.security.access.expression.method.DefaultMethodSecurityExpressionHandler] is not eligible for getting processed by all BeanPostProcessors (for example: not eligible for auto-proxying)
2022-05-22 09:07:49.524  INFO 8308 --- [main] trationDelegate$BeanPostProcessorChecker : Bean 'org.springframework.security.config.annotation.method.configuration.GlobalMethodSecurityConfiguration' of type [org.springframework.security.config.annotation.method.configuration.GlobalMethodSecurityConfiguration] is not eligible for getting processed by all BeanPostProcessors (for example: not eligible for auto-proxying)
2022-05-22 09:07:49.527  INFO 8308 --- [main] trationDelegate$BeanPostProcessorChecker : Bean 'methodSecurityMetadataSource' of type [org.springframework.security.access.method.DelegatingMethodSecurityMetadataSource] is not eligible for getting processed by all BeanPostProcessors (for example: not eligible for auto-proxying)
2022-05-22 09:07:49.814  INFO 8308 --- [main] o.s.b.w.embedded.tomcat.TomcatWebServer  : Tomcat initialized with port(s): 8080 (http)
2022-05-22 09:07:49.826  INFO 8308 --- [main] o.apache.catalina.core.StandardService   : Starting service [Tomcat]
2022-05-22 09:07:49.826  INFO 8308 --- [main] org.apache.catalina.core.StandardEngine  : Starting Servlet engine: [Apache Tomcat/9.0.31]
2022-05-22 09:07:49.969  INFO 8308 --- [main] o.a.c.c.C.[Tomcat].[localhost].[/]       : Initializing Spring embedded WebApplicationContext
2022-05-22 09:07:49.969  INFO 8308 --- [main] o.s.web.context.ContextLoader            : Root WebApplicationContext: initialization completed in 2198 ms
2022-05-22 09:07:50.458  INFO 8308 --- [main] o.hibernate.jpa.internal.util.LogHelper  : HHH000204: Processing PersistenceUnitInfo [name: default]
2022-05-22 09:07:50.545  INFO 8308 --- [main] org.hibernate.Version                    : HHH000412: Hibernate ORM core version 5.4.12.Final
2022-05-22 09:07:50.748  INFO 8308 --- [main] o.hibernate.annotations.common.Version   : HCANN000001: Hibernate Commons Annotations {5.1.0.Final}
2022-05-22 09:07:50.874  INFO 8308 --- [main] com.zaxxer.hikari.HikariDataSource       : HikariPool-1 - Starting...
2022-05-22 09:07:51.077  INFO 8308 --- [main] com.zaxxer.hikari.HikariDataSource       : HikariPool-1 - Start completed.
2022-05-22 09:07:51.096  INFO 8308 --- [main] org.hibernate.dialect.Dialect            : HHH000400: Using dialect: org.hibernate.dialect.MySQL5Dialect
2022-05-22 09:07:52.507  INFO 8308 --- [main] o.h.e.t.j.p.i.JtaPlatformInitiator       : HHH000490: Using JtaPlatform implementation: [org.hibernate.engine.transaction.jta.platform.internal.NoJtaPlatform]
2022-05-22 09:07:52.516  INFO 8308 --- [main] j.LocalContainerEntityManagerFactoryBean : Initialized JPA EntityManagerFactory for persistence unit 'default'
2022-05-22 09:07:53.652  WARN 8308 --- [main] JpaBaseConfiguration$JpaWebConfiguration : spring.jpa.open-in-view is enabled by default. Therefore, database queries may be performed during view rendering. Explicitly configure spring.jpa.open-in-view to disable this warning
2022-05-22 09:07:53.794  INFO 8308 --- [main] o.s.s.web.DefaultSecurityFilterChain     : Creating filter chain: Ant [pattern='/customers/new/**'], []
2022-05-22 09:07:53.838  INFO 8308 --- [main] o.s.s.web.DefaultSecurityFilterChain     : Creating filter chain: any request, [org.springframework.security.web.context.request.async.WebAsyncManagerIntegrationFilter@232899d1, org.springframework.security.web.context.SecurityContextPersistenceFilter@7a4199e5, org.springframework.security.web.header.HeaderWriterFilter@4f70b659, org.springframework.security.web.authentication.logout.LogoutFilter@17e323fd, org.springframework.security.web.authentication.UsernamePasswordAuthenticationFilter@63be4548, org.springframework.security.web.savedrequest.RequestCacheAwareFilter@4d1f6e1c, org.springframework.security.web.servletapi.SecurityContextHolderAwareRequestFilter@b1d7b09, org.springframework.security.web.authentication.AnonymousAuthenticationFilter@522221e1, org.springframework.security.web.session.SessionManagementFilter@73ba3c4b, org.springframework.security.web.access.ExceptionTranslationFilter@309b6768, org.springframework.security.web.access.intercept.FilterSecurityInterceptor@2a0d8df8]
2022-05-22 09:07:53.993  INFO 8308 --- [main] o.s.s.concurrent.ThreadPoolTaskExecutor  : Initializing ExecutorService 'applicationTaskExecutor'
2022-05-22 09:07:54.366  INFO 8308 --- [main] o.s.s.c.ThreadPoolTaskScheduler          : Initializing ExecutorService 'taskScheduler'
2022-05-22 09:07:54.383  INFO 8308 --- [main] o.s.b.a.e.web.EndpointLinksResolver      : Exposing 2 endpoint(s) beneath base path '/actuator'
2022-05-22 09:07:54.481  INFO 8308 --- [main] o.s.b.w.embedded.tomcat.TomcatWebServer  : Tomcat started on port(s): 8080 (http) with context path ''
2022-05-22 09:07:54.483  INFO 8308 --- [main] c.e.s.a.AppointmentSchedulerApplication  : Started AppointmentSchedulerApplication in 7.206 seconds (JVM running for 8.353)
2022-05-22 09:07:56.620  INFO 8308 --- [RMI TCP Connection(3)-127.0.0.1] o.a.c.c.C.[Tomcat].[localhost].[/]       : Initializing Spring DispatcherServlet 'dispatcherServlet'
2022-05-22 09:07:56.622  INFO 8308 --- [RMI TCP Connection(3)-127.0.0.1] o.s.web.servlet.DispatcherServlet        : Initializing Servlet 'dispatcherServlet'
2022-05-22 09:07:56.632  INFO 8308 --- [RMI TCP Connection(3)-127.0.0.1] o.s.web.servlet.DispatcherServlet        : Completed initialization in 10 ms
2022-05-22 09:10:03.770  WARN 8308 --- [http-nio-8080-exec-1] o.a.c.util.SessionIdGeneratorBase        : Creation of SecureRandom instance for session ID generation using [SHA1PRNG] took [185] milliseconds.
2022-05-22 11:17:05.451  INFO 2320 --- [main] c.e.s.a.AppointmentSchedulerApplication  : Starting AppointmentSchedulerApplication on DESKTOP-T1HE119 with PID 2320 (C:\Users\karim\eclipse-workspace\AppointmentScheduler\target\classes started by karim in C:\Users\karim\eclipse-workspace\AppointmentScheduler)
2022-05-22 11:17:05.456  INFO 2320 --- [main] c.e.s.a.AppointmentSchedulerApplication  : No active profile set, falling back to default profiles: default
2022-05-22 11:17:07.047  INFO 2320 --- [main] .s.d.r.c.RepositoryConfigurationDelegate : Bootstrapping Spring Data JPA repositories in DEFAULT mode.
2022-05-22 11:17:07.218  INFO 2320 --- [main] .s.d.r.c.RepositoryConfigurationDelegate : Finished Spring Data repository scanning in 159ms. Found 13 JPA repository interfaces.
2022-05-22 11:17:07.855  INFO 2320 --- [main] trationDelegate$BeanPostProcessorChecker : Bean 'org.springframework.security.config.annotation.configuration.ObjectPostProcessorConfiguration' of type [org.springframework.security.config.annotation.configuration.ObjectPostProcessorConfiguration] is not eligible for getting processed by all BeanPostProcessors (for example: not eligible for auto-proxying)
2022-05-22 11:17:07.859  INFO 2320 --- [main] trationDelegate$BeanPostProcessorChecker : Bean 'objectPostProcessor' of type [org.springframework.security.config.annotation.configuration.AutowireBeanFactoryObjectPostProcessor] is not eligible for getting processed by all BeanPostProcessors (for example: not eligible for auto-proxying)
2022-05-22 11:17:07.862  INFO 2320 --- [main] trationDelegate$BeanPostProcessorChecker : Bean 'org.springframework.security.access.expression.method.DefaultMethodSecurityExpressionHandler@3a2e9f5b' of type [org.springframework.security.access.expression.method.DefaultMethodSecurityExpressionHandler] is not eligible for getting processed by all BeanPostProcessors (for example: not eligible for auto-proxying)
2022-05-22 11:17:07.865  INFO 2320 --- [main] trationDelegate$BeanPostProcessorChecker : Bean 'org.springframework.security.config.annotation.method.configuration.GlobalMethodSecurityConfiguration' of type [org.springframework.security.config.annotation.method.configuration.GlobalMethodSecurityConfiguration] is not eligible for getting processed by all BeanPostProcessors (for example: not eligible for auto-proxying)
2022-05-22 11:17:07.870  INFO 2320 --- [main] trationDelegate$BeanPostProcessorChecker : Bean 'methodSecurityMetadataSource' of type [org.springframework.security.access.method.DelegatingMethodSecurityMetadataSource] is not eligible for getting processed by all BeanPostProcessors (for example: not eligible for auto-proxying)
2022-05-22 11:17:08.210  INFO 2320 --- [main] o.s.b.w.embedded.tomcat.TomcatWebServer  : Tomcat initialized with port(s): 8080 (http)
2022-05-22 11:17:08.228  INFO 2320 --- [main] o.apache.catalina.core.StandardService   : Starting service [Tomcat]
2022-05-22 11:17:08.229  INFO 2320 --- [main] org.apache.catalina.core.StandardEngine  : Starting Servlet engine: [Apache Tomcat/9.0.31]
2022-05-22 11:17:08.403  INFO 2320 --- [main] o.a.c.c.C.[Tomcat].[localhost].[/]       : Initializing Spring embedded WebApplicationContext
2022-05-22 11:17:08.403  INFO 2320 --- [main] o.s.web.context.ContextLoader            : Root WebApplicationContext: initialization completed in 2877 ms
2022-05-22 11:17:09.046  INFO 2320 --- [main] o.hibernate.jpa.internal.util.LogHelper  : HHH000204: Processing PersistenceUnitInfo [name: default]
2022-05-22 11:17:09.176  INFO 2320 --- [main] org.hibernate.Version                    : HHH000412: Hibernate ORM core version 5.4.12.Final
2022-05-22 11:17:09.422  INFO 2320 --- [main] o.hibernate.annotations.common.Version   : HCANN000001: Hibernate Commons Annotations {5.1.0.Final}
2022-05-22 11:17:09.616  INFO 2320 --- [main] com.zaxxer.hikari.HikariDataSource       : HikariPool-1 - Starting...
2022-05-22 11:17:09.835  INFO 2320 --- [main] com.zaxxer.hikari.HikariDataSource       : HikariPool-1 - Start completed.
2022-05-22 11:17:09.867  INFO 2320 --- [main] org.hibernate.dialect.Dialect            : HHH000400: Using dialect: org.hibernate.dialect.MySQL5Dialect
2022-05-22 11:17:11.830  INFO 2320 --- [main] o.h.e.t.j.p.i.JtaPlatformInitiator       : HHH000490: Using JtaPlatform implementation: [org.hibernate.engine.transaction.jta.platform.internal.NoJtaPlatform]
2022-05-22 11:17:11.845  INFO 2320 --- [main] j.LocalContainerEntityManagerFactoryBean : Initialized JPA EntityManagerFactory for persistence unit 'default'
2022-05-22 11:17:13.497  WARN 2320 --- [main] JpaBaseConfiguration$JpaWebConfiguration : spring.jpa.open-in-view is enabled by default. Therefore, database queries may be performed during view rendering. Explicitly configure spring.jpa.open-in-view to disable this warning
2022-05-22 11:17:13.725  INFO 2320 --- [main] o.s.s.web.DefaultSecurityFilterChain     : Creating filter chain: Ant [pattern='/customers/new/**'], []
2022-05-22 11:17:13.813  INFO 2320 --- [main] o.s.s.web.DefaultSecurityFilterChain     : Creating filter chain: any request, [org.springframework.security.web.context.request.async.WebAsyncManagerIntegrationFilter@14e54a35, org.springframework.security.web.context.SecurityContextPersistenceFilter@6b61a4b0, org.springframework.security.web.header.HeaderWriterFilter@1609ed55, org.springframework.security.web.authentication.logout.LogoutFilter@50f65fe0, org.springframework.security.web.authentication.UsernamePasswordAuthenticationFilter@257e8c43, org.springframework.security.web.savedrequest.RequestCacheAwareFilter@6278371a, org.springframework.security.web.servletapi.SecurityContextHolderAwareRequestFilter@4fe8ac61, org.springframework.security.web.authentication.AnonymousAuthenticationFilter@298cfe89, org.springframework.security.web.session.SessionManagementFilter@327ac23, org.springframework.security.web.access.ExceptionTranslationFilter@eea69a9, org.springframework.security.web.access.intercept.FilterSecurityInterceptor@546ca9da]
2022-05-22 11:17:14.035  INFO 2320 --- [main] o.s.s.concurrent.ThreadPoolTaskExecutor  : Initializing ExecutorService 'applicationTaskExecutor'
2022-05-22 11:17:14.567  INFO 2320 --- [main] o.s.s.c.ThreadPoolTaskScheduler          : Initializing ExecutorService 'taskScheduler'
2022-05-22 11:17:14.596  INFO 2320 --- [main] o.s.b.a.e.web.EndpointLinksResolver      : Exposing 2 endpoint(s) beneath base path '/actuator'
2022-05-22 11:17:14.732  INFO 2320 --- [main] o.s.b.w.embedded.tomcat.TomcatWebServer  : Tomcat started on port(s): 8080 (http) with context path ''
2022-05-22 11:17:14.735  INFO 2320 --- [main] c.e.s.a.AppointmentSchedulerApplication  : Started AppointmentSchedulerApplication in 9.938 seconds (JVM running for 11.725)
2022-05-22 11:17:14.836  INFO 2320 --- [http-nio-8080-exec-1] o.a.c.c.C.[Tomcat].[localhost].[/]       : Initializing Spring DispatcherServlet 'dispatcherServlet'
2022-05-22 11:17:14.836  INFO 2320 --- [http-nio-8080-exec-1] o.s.web.servlet.DispatcherServlet        : Initializing Servlet 'dispatcherServlet'
2022-05-22 11:17:14.850  INFO 2320 --- [http-nio-8080-exec-1] o.s.web.servlet.DispatcherServlet        : Completed initialization in 13 ms
